<?xml version="1.0" encoding="UTF-8"?>
<testsuite xmlns:xsi="http://www.w3.org/2001/XMLSchema-instance" xsi:noNamespaceSchemaLocation="https://maven.apache.org/surefire/maven-surefire-plugin/xsd/surefire-test-report-3.0.xsd" version="3.0" name="org.iis.janebro.CalculatorTest" time="0.104" tests="5" errors="0" skipped="0" failures="0">
  <properties>
[...]
</properties>
  <testcase name="testDivideByZero" classname="org.iis.janebro.CalculatorTest" time="0.052"/>
  <testcase name="testAdd" classname="org.iis.janebro.CalculatorTest" time="0.003"/>
  <testcase name="testSubstract" classname="org.iis.janebro.CalculatorTest" time="0.001"/>
  <testcase name="testDivide" classname="org.iis.janebro.CalculatorTest" time="0.002"/>
  <testcase name="testMultiply" classname="org.iis.janebro.CalculatorTest" time="0.003"/>
</testsuite>